CMSIS_AGDI.DLL - CMSIS-DAP Driver Log

14:40:21:189 (05/05/2022) - WRITE DP  Access, Addr 0x00000008, Val 0x00000000, "DAP Write DP - Success" - ID 0
14:40:21:193 (05/05/2022) - WRITE DP  Access, Addr 0x00000004, Val 0x50000000, "DAP Write DP - Success" - ID 1
14:40:21:195 (05/05/2022) - READ  DP  Access, Addr 0x00000004, Val 0xF0000040, "DAP Read DP - Success" - ID 2
14:40:21:199 (05/05/2022) - WRITE DP  Access, Addr 0x00000000, Val 0x0000001E, "DAP Write DP - Success" - ID 3
14:40:21:201 (05/05/2022) - WRITE DP  Access, Addr 0x00000004, Val 0x50000F00, "DAP Write DP - Success" - ID 4
14:40:21:213 (05/05/2022) - READ  AP  Access, AP 0x00000000, Addr 0x000000FC, Val 0x24770011, "DAP Read AP - Success" - ID 5
14:40:21:214 (05/05/2022) - READ  AP  Access, AP 0x00000000, Addr 0x000000FC, Val 0x24770011, "SWD Read AP - Success" - ID 6
14:40:21:228 (05/05/2022) - WRITE AP  Access, AP 0x00000000, Addr 0x00000000, Val 0x23000052, "DAP Write AP - Success" - ID 7
14:40:21:234 (05/05/2022) - READ  AP  Access, AP 0x00000000, Addr 0x000000F8, Val 0xE00FF003, "DAP Read AP - Success" - ID 8
14:40:21:243 (05/05/2022) - READ  MEM BLOCK Access, AP 0x00000000, Start Addr 0xE00FFFF0, End Addr 0xE00FFFFF, "DAP Read Memory Block - Success" - ID 9
  Item #0, AP 0, Addr 0xE00FFFF0, Value 0x0000000D
  Item #1, AP 0, Addr 0xE00FFFF4, Value 0x00000010
  Item #2, AP 0, Addr 0xE00FFFF8, Value 0x00000005
  Item #3, AP 0, Addr 0xE00FFFFC, Value 0x000000B1
14:40:21:251 (05/05/2022) - READ  MEM BLOCK Access, AP 0x00000000, Start Addr 0xE00FFFD0, End Addr 0xE00FFFEF, "DAP Read Memory Block - Success" - ID 10
  Item #0, AP 0, Addr 0xE00FFFD0, Value 0x00000004
  Item #1, AP 0, Addr 0xE00FFFD4, Value 0x00000000
  Item #2, AP 0, Addr 0xE00FFFD8, Value 0x00000000
  Item #3, AP 0, Addr 0xE00FFFDC, Value 0x00000000
  Item #4, AP 0, Addr 0xE00FFFE0, Value 0x000000C3
  Item #5, AP 0, Addr 0xE00FFFE4, Value 0x000000B4
  Item #6, AP 0, Addr 0xE00FFFE8, Value 0x0000000B
  Item #7, AP 0, Addr 0xE00FFFEC, Value 0x00000000
14:40:21:251 (05/05/2022) - ROM TABLE: Detected ROM Table (Cortex-M3) at address 0xE00FF000 (PID 0x00000004000BB4C3, CID 0xB105100D)
14:40:21:257 (05/05/2022) - READ  MEM Access, AP 0x00000000, Addr 0xE00FF000, Val 0xFFF0F003, "DAP Read Memory (32 bit) - Success" - ID 11
14:40:21:264 (05/05/2022) - READ  MEM BLOCK Access, AP 0x00000000, Start Addr 0xE000EFF0, End Addr 0xE000EFFF, "DAP Read Memory Block - Success" - ID 12
  Item #0, AP 0, Addr 0xE000EFF0, Value 0x0000000D
  Item #1, AP 0, Addr 0xE000EFF4, Value 0x000000E0
  Item #2, AP 0, Addr 0xE000EFF8, Value 0x00000005
  Item #3, AP 0, Addr 0xE000EFFC, Value 0x000000B1
14:40:21:284 (05/05/2022) - READ  MEM BLOCK Access, AP 0x00000000, Start Addr 0xE000EFD0, End Addr 0xE000EFEF, "DAP Read Memory Block - Success" - ID 13
  Item #0, AP 0, Addr 0xE000EFD0, Value 0x00000004
  Item #1, AP 0, Addr 0xE000EFD4, Value 0x00000000
  Item #2, AP 0, Addr 0xE000EFD8, Value 0x00000000
  Item #3, AP 0, Addr 0xE000EFDC, Value 0x00000000
  Item #4, AP 0, Addr 0xE000EFE0, Value 0x00000000
  Item #5, AP 0, Addr 0xE000EFE4, Value 0x000000B0
  Item #6, AP 0, Addr 0xE000EFE8, Value 0x0000000B
  Item #7, AP 0, Addr 0xE000EFEC, Value 0x00000000
14:40:21:292 (05/05/2022) - WRITE MEM Access, AP 0x00000000, Addr 0xE000EDFC, Val 0x01000000, "DAP Write Memory (32 bit) - Success" - ID 14
14:40:21:292 (05/05/2022) - ROM TABLE: Detected SCS (ARMv7-M) at address 0xE000E000 (PID 0x00000004000BB000, CID 0xB105E00D)
14:40:21:295 (05/05/2022) - READ  MEM Access, AP 0x00000000, Addr 0xE00FF004, Val 0xFFF02003, "DAP Read Memory (32 bit) - Success" - ID 15
14:40:21:303 (05/05/2022) - READ  MEM BLOCK Access, AP 0x00000000, Start Addr 0xE0001FF0, End Addr 0xE0001FFF, "DAP Read Memory Block - Success" - ID 16
  Item #0, AP 0, Addr 0xE0001FF0, Value 0x0000000D
  Item #1, AP 0, Addr 0xE0001FF4, Value 0x000000E0
  Item #2, AP 0, Addr 0xE0001FF8, Value 0x00000005
  Item #3, AP 0, Addr 0xE0001FFC, Value 0x000000B1
14:40:21:311 (05/05/2022) - READ  MEM BLOCK Access, AP 0x00000000, Start Addr 0xE0001FD0, End Addr 0xE0001FEF, "DAP Read Memory Block - Success" - ID 17
  Item #0, AP 0, Addr 0xE0001FD0, Value 0x00000004
  Item #1, AP 0, Addr 0xE0001FD4, Value 0x00000000
  Item #2, AP 0, Addr 0xE0001FD8, Value 0x00000000
  Item #3, AP 0, Addr 0xE0001FDC, Value 0x00000000
  Item #4, AP 0, Addr 0xE0001FE0, Value 0x00000002
  Item #5, AP 0, Addr 0xE0001FE4, Value 0x000000B0
  Item #6, AP 0, Addr 0xE0001FE8, Value 0x0000003B
  Item #7, AP 0, Addr 0xE0001FEC, Value 0x00000000
14:40:21:311 (05/05/2022) - ROM TABLE: Detected DWT (ARMv7-M) at address 0xE0001000 (PID 0x00000004003BB002, CID 0xB105E00D)
14:40:21:313 (05/05/2022) - READ  MEM Access, AP 0x00000000, Addr 0xE00FF008, Val 0xFFF03003, "DAP Read Memory (32 bit) - Success" - ID 18
14:40:21:318 (05/05/2022) - READ  MEM BLOCK Access, AP 0x00000000, Start Addr 0xE0002FF0, End Addr 0xE0002FFF, "DAP Read Memory Block - Success" - ID 19
  Item #0, AP 0, Addr 0xE0002FF0, Value 0x0000000D
  Item #1, AP 0, Addr 0xE0002FF4, Value 0x000000E0
  Item #2, AP 0, Addr 0xE0002FF8, Value 0x00000005
  Item #3, AP 0, Addr 0xE0002FFC, Value 0x000000B1
14:40:21:323 (05/05/2022) - READ  MEM BLOCK Access, AP 0x00000000, Start Addr 0xE0002FD0, End Addr 0xE0002FEF, "DAP Read Memory Block - Success" - ID 20
  Item #0, AP 0, Addr 0xE0002FD0, Value 0x00000004
  Item #1, AP 0, Addr 0xE0002FD4, Value 0x00000000
  Item #2, AP 0, Addr 0xE0002FD8, Value 0x00000000
  Item #3, AP 0, Addr 0xE0002FDC, Value 0x00000000
  Item #4, AP 0, Addr 0xE0002FE0, Value 0x00000003
  Item #5, AP 0, Addr 0xE0002FE4, Value 0x000000B0
  Item #6, AP 0, Addr 0xE0002FE8, Value 0x0000002B
  Item #7, AP 0, Addr 0xE0002FEC, Value 0x00000000
14:40:21:323 (05/05/2022) - ROM TABLE: Detected FPB (ARMv7-M) at address 0xE0002000 (PID 0x00000004002BB003, CID 0xB105E00D)
14:40:21:329 (05/05/2022) - READ  MEM Access, AP 0x00000000, Addr 0xE00FF00C, Val 0xFFF01003, "DAP Read Memory (32 bit) - Success" - ID 21
14:40:21:338 (05/05/2022) - READ  MEM BLOCK Access, AP 0x00000000, Start Addr 0xE0000FF0, End Addr 0xE0000FFF, "DAP Read Memory Block - Success" - ID 22
  Item #0, AP 0, Addr 0xE0000FF0, Value 0x0000000D
  Item #1, AP 0, Addr 0xE0000FF4, Value 0x000000E0
  Item #2, AP 0, Addr 0xE0000FF8, Value 0x00000005
  Item #3, AP 0, Addr 0xE0000FFC, Value 0x000000B1
14:40:21:343 (05/05/2022) - READ  MEM BLOCK Access, AP 0x00000000, Start Addr 0xE0000FD0, End Addr 0xE0000FEF, "DAP Read Memory Block - Success" - ID 23
  Item #0, AP 0, Addr 0xE0000FD0, Value 0x00000004
  Item #1, AP 0, Addr 0xE0000FD4, Value 0x00000000
  Item #2, AP 0, Addr 0xE0000FD8, Value 0x00000000
  Item #3, AP 0, Addr 0xE0000FDC, Value 0x00000000
  Item #4, AP 0, Addr 0xE0000FE0, Value 0x00000001
  Item #5, AP 0, Addr 0xE0000FE4, Value 0x000000B0
  Item #6, AP 0, Addr 0xE0000FE8, Value 0x0000003B
  Item #7, AP 0, Addr 0xE0000FEC, Value 0x00000000
14:40:21:343 (05/05/2022) - ROM TABLE: Detected ITM (ARMv7-M) at address 0xE0000000 (PID 0x00000004003BB001, CID 0xB105E00D)
14:40:21:345 (05/05/2022) - READ  MEM Access, AP 0x00000000, Addr 0xE00FF010, Val 0xFFF41003, "DAP Read Memory (32 bit) - Success" - ID 24
14:40:21:350 (05/05/2022) - READ  MEM BLOCK Access, AP 0x00000000, Start Addr 0xE0040FF0, End Addr 0xE0040FFF, "DAP Read Memory Block - Success" - ID 25
  Item #0, AP 0, Addr 0xE0040FF0, Value 0x0000000D
  Item #1, AP 0, Addr 0xE0040FF4, Value 0x00000090
  Item #2, AP 0, Addr 0xE0040FF8, Value 0x00000005
  Item #3, AP 0, Addr 0xE0040FFC, Value 0x000000B1
14:40:21:355 (05/05/2022) - READ  MEM BLOCK Access, AP 0x00000000, Start Addr 0xE0040FD0, End Addr 0xE0040FEF, "DAP Read Memory Block - Success" - ID 26
  Item #0, AP 0, Addr 0xE0040FD0, Value 0x00000004
  Item #1, AP 0, Addr 0xE0040FD4, Value 0x00000000
  Item #2, AP 0, Addr 0xE0040FD8, Value 0x00000000
  Item #3, AP 0, Addr 0xE0040FDC, Value 0x00000000
  Item #4, AP 0, Addr 0xE0040FE0, Value 0x00000023
  Item #5, AP 0, Addr 0xE0040FE4, Value 0x000000B9
  Item #6, AP 0, Addr 0xE0040FE8, Value 0x0000003B
  Item #7, AP 0, Addr 0xE0040FEC, Value 0x00000000
14:40:21:355 (05/05/2022) - ROM TABLE: Detected TPIU (Cortex-M3) at address 0xE0040000 (PID 0x00000004003BB923, CID 0xB105900D)
14:40:21:357 (05/05/2022) - READ  MEM Access, AP 0x00000000, Addr 0xE00FF014, Val 0xFFF42003, "DAP Read Memory (32 bit) - Success" - ID 27
14:40:21:370 (05/05/2022) - READ  MEM BLOCK Access, AP 0x00000000, Start Addr 0xE0041FF0, End Addr 0xE0041FFF, "DAP Read Memory Block - Success" - ID 28
  Item #0, AP 0, Addr 0xE0041FF0, Value 0x00000000
  Item #1, AP 0, Addr 0xE0041FF4, Value 0x00000000
  Item #2, AP 0, Addr 0xE0041FF8, Value 0x00000000
  Item #3, AP 0, Addr 0xE0041FFC, Value 0x00000000
14:40:21:375 (05/05/2022) - READ  MEM BLOCK Access, AP 0x00000000, Start Addr 0xE0041FD0, End Addr 0xE0041FEF, "DAP Read Memory Block - Success" - ID 29
  Item #0, AP 0, Addr 0xE0041FD0, Value 0x00000000
  Item #1, AP 0, Addr 0xE0041FD4, Value 0x00000000
  Item #2, AP 0, Addr 0xE0041FD8, Value 0x00000000
  Item #3, AP 0, Addr 0xE0041FDC, Value 0x00000000
  Item #4, AP 0, Addr 0xE0041FE0, Value 0x00000000
  Item #5, AP 0, Addr 0xE0041FE4, Value 0x00000000
  Item #6, AP 0, Addr 0xE0041FE8, Value 0x00000000
  Item #7, AP 0, Addr 0xE0041FEC, Value 0x00000000
14:40:21:375 (05/05/2022) - ROM TABLE: Detected Component with empty PID at address 0xE0041000 (PID 0x0000000000000000, CID 0x00000000)
14:40:21:375 (05/05/2022) - ROM TABLE: Detected ETM (Cortex-M3) at address 0xE0041000 (PID 0x00000004000BB924, CID 0x00000000)
14:40:21:379 (05/05/2022) - READ  MEM Access, AP 0x00000000, Addr 0xE00FF018, Val 0x00000000, "DAP Read Memory (32 bit) - Success" - ID 30
14:40:21:383 (05/05/2022) - READ  MEM Access, AP 0x00000000, Addr 0xE000ED00, Val 0x412FC231, "DAP Read Memory (32 bit) - Success" - ID 31
14:40:21:388 (05/05/2022) - READ  DP  Access, Addr 0x00000004, Val 0xF0000F40, "DAP Read DP - Success" - ID 32
14:40:21:393 (05/05/2022) - WRITE MEM Access, AP 0x00000000, Addr 0xE000EDF0, Val 0xA05F0001, "DAP Write Memory (32 bit) - Success" - ID 33
14:40:21:394 (05/05/2022) - WRITE MEM Access, AP 0x00000000, Addr 0xE000EDFC, Val 0x01000001, "DAP Write Memory (32 bit) - Success" - ID 34
14:40:21:396 (05/05/2022) - READ  MEM Access, AP 0x00000000, Addr 0xE0002000, Val 0x00000260, "DAP Read Memory (32 bit) - Success" - ID 35
14:40:21:404 (05/05/2022) - READ  MEM Access, AP 0x00000000, Addr 0xE0001000, Val 0x40000001, "DAP Read Memory (32 bit) - Success" - ID 36
14:40:21:406 (05/05/2022) - WRITE MEM Access, AP 0x00000000, Addr 0xE0001024, Val 0x0000001F, "DAP Write Memory (32 bit) - Success" - ID 37
14:40:21:410 (05/05/2022) - READ  MEM Access, AP 0x00000000, Addr 0xE0001024, Val 0x0000000F, "DAP Read Memory (32 bit) - Success" - ID 38
14:40:21:412 (05/05/2022) - WRITE MEM Access, AP 0x00000000, Addr 0xE0001024, Val 0x00000000, "DAP Write Memory (32 bit) - Success" - ID 39
14:40:21:416 (05/05/2022) - WRITE MEM Access, AP 0x00000000, Addr 0xE0001028, Val 0x00000100, "DAP Write Memory (32 bit) - Success" - ID 40
14:40:21:427 (05/05/2022) - READ  MEM Access, AP 0x00000000, Addr 0xE0001028, Val 0x00000000, "DAP Read Memory (32 bit) - Success" - ID 41
14:40:21:429 (05/05/2022) - WRITE MEM Access, AP 0x00000000, Addr 0xE0001028, Val 0x00000080, "DAP Write Memory (32 bit) - Success" - ID 42
14:40:21:431 (05/05/2022) - READ  MEM Access, AP 0x00000000, Addr 0xE0001028, Val 0x00000080, "DAP Read Memory (32 bit) - Success" - ID 43
14:40:21:434 (05/05/2022) - WRITE MEM Access, AP 0x00000000, Addr 0xE0001028, Val 0x00000000, "DAP Write Memory (32 bit) - Success" - ID 44
14:40:21:438 (05/05/2022) - WRITE MEM Access, AP 0x00000000, Addr 0xE0001038, Val 0x00000100, "DAP Write Memory (32 bit) - Success" - ID 45
14:40:21:441 (05/05/2022) - READ  MEM Access, AP 0x00000000, Addr 0xE0001038, Val 0x00000300, "DAP Read Memory (32 bit) - Success" - ID 46
14:40:21:443 (05/05/2022) - WRITE MEM Access, AP 0x00000000, Addr 0xE0001038, Val 0x00000080, "DAP Write Memory (32 bit) - Success" - ID 47
14:40:21:444 (05/05/2022) - READ  MEM Access, AP 0x00000000, Addr 0xE0001038, Val 0x00000200, "DAP Read Memory (32 bit) - Success" - ID 48
14:40:21:446 (05/05/2022) - WRITE MEM Access, AP 0x00000000, Addr 0xE0001038, Val 0x00000000, "DAP Write Memory (32 bit) - Success" - ID 49
14:40:21:448 (05/05/2022) - WRITE MEM Access, AP 0x00000000, Addr 0xE0001048, Val 0x00000100, "DAP Write Memory (32 bit) - Success" - ID 50
14:40:21:450 (05/05/2022) - READ  MEM Access, AP 0x00000000, Addr 0xE0001048, Val 0x00000000, "DAP Read Memory (32 bit) - Success" - ID 51
14:40:21:452 (05/05/2022) - WRITE MEM Access, AP 0x00000000, Addr 0xE0001048, Val 0x00000080, "DAP Write Memory (32 bit) - Success" - ID 52
14:40:21:456 (05/05/2022) - READ  MEM Access, AP 0x00000000, Addr 0xE0001048, Val 0x00000000, "DAP Read Memory (32 bit) - Success" - ID 53
14:40:21:458 (05/05/2022) - WRITE MEM Access, AP 0x00000000, Addr 0xE0001048, Val 0x00000000, "DAP Write Memory (32 bit) - Success" - ID 54
14:40:21:459 (05/05/2022) - WRITE MEM Access, AP 0x00000000, Addr 0xE0001058, Val 0x00000100, "DAP Write Memory (32 bit) - Success" - ID 55
14:40:21:464 (05/05/2022) - READ  MEM Access, AP 0x00000000, Addr 0xE0001058, Val 0x00000000, "DAP Read Memory (32 bit) - Success" - ID 56
14:40:21:467 (05/05/2022) - WRITE MEM Access, AP 0x00000000, Addr 0xE0001058, Val 0x00000080, "DAP Write Memory (32 bit) - Success" - ID 57
14:40:21:474 (05/05/2022) - READ  MEM Access, AP 0x00000000, Addr 0xE0001058, Val 0x00000000, "DAP Read Memory (32 bit) - Success" - ID 58
14:40:21:482 (05/05/2022) - WRITE MEM Access, AP 0x00000000, Addr 0xE0001058, Val 0x00000000, "DAP Write Memory (32 bit) - Success" - ID 59
14:40:21:483 (05/05/2022) - WRITE MEM Access, AP 0x00000000, Addr 0xE0002000, Val 0x00000002, "DAP Write Memory (32 bit) - Success" - ID 60
14:40:21:488 (05/05/2022) - WRITE MEM Access, AP 0x00000000, Addr 0xE0001028, Val 0x00000000, "DAP Write Memory (32 bit) - Success" - ID 61
14:40:21:489 (05/05/2022) - WRITE MEM Access, AP 0x00000000, Addr 0xE0001038, Val 0x00000000, "DAP Write Memory (32 bit) - Success" - ID 62
14:40:21:494 (05/05/2022) - WRITE MEM Access, AP 0x00000000, Addr 0xE0001048, Val 0x00000000, "DAP Write Memory (32 bit) - Success" - ID 63
14:40:21:497 (05/05/2022) - WRITE MEM Access, AP 0x00000000, Addr 0xE0001058, Val 0x00000000, "DAP Write Memory (32 bit) - Success" - ID 64
14:40:21:502 (05/05/2022) - READ  MEM Access, AP 0x00000000, Addr 0xE000E004, Val 0x00000007, "DAP Read Memory (32 bit) - Success" - ID 65
14:40:21:516 (05/05/2022) - WRITE MEM BLOCK Access, AP 0x00000000, Start Addr 0xE0001000, End Addr 0xE000101B, "DAP Write Memory Block - Success" - ID 66
  Item #0, AP 0, Addr 0xE0001000, Value 0x00000001
  Item #1, AP 0, Addr 0xE0001004, Value 0x00000000
  Item #2, AP 0, Addr 0xE0001008, Value 0x00000000
  Item #3, AP 0, Addr 0xE000100C, Value 0x00000000
  Item #4, AP 0, Addr 0xE0001010, Value 0x00000000
  Item #5, AP 0, Addr 0xE0001014, Value 0x00000000
  Item #6, AP 0, Addr 0xE0001018, Value 0x00000000
14:40:21:525 (05/05/2022) - WRITE MEM Access, AP 0x00000000, Addr 0xE000EDFC, Val 0x00000001, "DAP Write Memory (32 bit) - Success" - ID 67
14:40:21:530 (05/05/2022) - READ  MEM Access, AP 0x00000000, Addr 0xE000EDF0, Val 0x03010001, "DAP Read Memory (32 bit) - Success" - ID 68
14:40:21:538 (05/05/2022) - WRITE MEM Access, AP 0x00000000, Addr 0xE000ED0C, Val 0x05FA0004, "DAP Write Memory (32 bit) - Success" - ID 69
14:40:21:541 (05/05/2022) - READ  MEM Access, AP 0x00000000, Addr 0xE000EDF0, Val 0x02030003, "DAP Read Memory (32 bit) - Success" - ID 70
14:40:21:543 (05/05/2022) - READ  MEM Access, AP 0x00000000, Addr 0xE000EDF0, Val 0x00030003, "DAP Read Memory (32 bit) - Success" - ID 71
14:40:21:545 (05/05/2022) - READ  MEM Access, AP 0x00000000, Addr 0xE000EDF0, Val 0x00030003, "DAP Read Memory (32 bit) - Success" - ID 72
14:40:21:554 (05/05/2022) - READ  MEM Access, AP 0x00000000, Addr 0xE000EDF0, Val 0x00030003, "DAP Read Memory (32 bit) - Success" - ID 73
14:40:21:604 (05/05/2022) - READ  MEM Access, AP 0x00000000, Addr 0xE000EDF0, Val 0x00030003, "DAP Read Memory (32 bit) - Success" - ID 74
14:40:21:609 (05/05/2022) - READ  MEM Access, AP 0x00000000, Addr 0xE000EDF0, Val 0x00030003, "DAP Read Memory (32 bit) - Success" - ID 75
14:40:21:616 (05/05/2022) - READ  MEM Access, AP 0x00000000, Addr 0xE000EDF0, Val 0x00030003, "DAP Read Memory (32 bit) - Success" - ID 76
14:40:21:634 (05/05/2022) - READ  MEM BLOCK Access, AP 0x00000000, Start Addr 0xE0001004, End Addr 0xE0001007, "DAP Read Memory Block - Success" - ID 77
  Item #0, AP 0, Addr 0xE0001004, Value 0x000BF6FE
14:40:21:752 (05/05/2022) - WRITE MEM BLOCK Access, AP 0x00000000, Start Addr 0x08000000, End Addr 0x08000FFF, "DAP Write Memory Block - FAILED" - ID 78
14:40:21:854 (05/05/2022) - WRITE MEM Access, AP 0x00000000, Addr 0xE000EDFC, Val 0x00000001, "DAP Write Memory (32 bit) - Success" - ID 79
14:40:21:856 (05/05/2022) - READ  MEM Access, AP 0x00000000, Addr 0xE000EDF0, Val 0x00030003, "DAP Read Memory (32 bit) - Success" - ID 80
14:40:21:863 (05/05/2022) - WRITE MEM Access, AP 0x00000000, Addr 0xE000ED0C, Val 0x05FA0004, "DAP Write Memory (32 bit) - Success" - ID 81
14:40:21:868 (05/05/2022) - READ  MEM Access, AP 0x00000000, Addr 0xE000EDF0, Val 0x02030003, "DAP Read Memory (32 bit) - Success" - ID 82
14:40:21:877 (05/05/2022) - READ  MEM Access, AP 0x00000000, Addr 0xE000EDF0, Val 0x00030003, "DAP Read Memory (32 bit) - Success" - ID 83
14:40:21:889 (05/05/2022) - READ  MEM Access, AP 0x00000000, Addr 0xE000EDF0, Val 0x00030003, "DAP Read Memory (32 bit) - Success" - ID 84
14:40:21:897 (05/05/2022) - READ  MEM Access, AP 0x00000000, Addr 0xE000EDF0, Val 0x00030003, "DAP Read Memory (32 bit) - Success" - ID 85
14:40:21:919 (05/05/2022) - READ  MEM BLOCK Access, AP 0x00000000, Start Addr 0x080001A4, End Addr 0x080001DF, "DAP Read Memory Block - Success" - ID 86
  Item #0, AP 0, Addr 0x080001A4, Value 0x47804806
  Item #1, AP 0, Addr 0x080001A8, Value 0x47004806
  Item #2, AP 0, Addr 0x080001AC, Value 0xE7FEE7FE
  Item #3, AP 0, Addr 0x080001B0, Value 0xE7FEE7FE
  Item #4, AP 0, Addr 0x080001B4, Value 0xE7FEE7FE
  Item #5, AP 0, Addr 0x080001B8, Value 0xE7FEE7FE
  Item #6, AP 0, Addr 0x080001BC, Value 0xE7FEE7FE
  Item #7, AP 0, Addr 0x080001C0, Value 0x0800288D
  Item #8, AP 0, Addr 0x080001C4, Value 0x08000191
  Item #9, AP 0, Addr 0x080001C8, Value 0x0301EA40
  Item #10, AP 0, Addr 0x080001CC, Value 0xD003079B
  Item #11, AP 0, Addr 0x080001D0, Value 0xC908E009
  Item #12, AP 0, Addr 0x080001D4, Value 0xC0081F12
  Item #13, AP 0, Addr 0x080001D8, Value 0xD2FA2A04
  Item #14, AP 0, Addr 0x080001DC, Value 0xF811E003
14:40:21:930 (05/05/2022) - READ  MEM BLOCK Access, AP 0x00000000, Start Addr 0x080001E0, End Addr 0x0800021B, "DAP Read Memory Block - Success" - ID 87
  Item #0, AP 0, Addr 0x080001E0, Value 0xF8003B01
  Item #1, AP 0, Addr 0x080001E4, Value 0x1E523B01
  Item #2, AP 0, Addr 0x080001E8, Value 0x4770D2F9
  Item #3, AP 0, Addr 0x080001EC, Value 0xE001B2D2
  Item #4, AP 0, Addr 0x080001F0, Value 0x2B01F800
  Item #5, AP 0, Addr 0x080001F4, Value 0xD2FB1E49
  Item #6, AP 0, Addr 0x080001F8, Value 0x22004770
  Item #7, AP 0, Addr 0x080001FC, Value 0xB510E7F6
  Item #8, AP 0, Addr 0x08000200, Value 0x460A4613
  Item #9, AP 0, Addr 0x08000204, Value 0x46194604
  Item #10, AP 0, Addr 0x08000208, Value 0xFFF0F7FF
  Item #11, AP 0, Addr 0x0800020C, Value 0xBD104620
  Item #12, AP 0, Addr 0x08000210, Value 0xEA80B4F0
  Item #13, AP 0, Addr 0x08000214, Value 0x0FD40201
  Item #14, AP 0, Addr 0x08000218, Value 0xEBB20042
14:40:22:227 (05/05/2022) - WRITE MEM Access, AP 0x00000000, Addr 0xE000100C, Val 0x00000000, "DAP Write Memory (32 bit) - Success" - ID 88
14:40:22:232 (05/05/2022) - WRITE MEM Access, AP 0x00000000, Addr 0xE0001010, Val 0x00000000, "DAP Write Memory (32 bit) - Success" - ID 89
14:40:22:236 (05/05/2022) - WRITE MEM Access, AP 0x00000000, Addr 0xE0001014, Val 0x00000000, "DAP Write Memory (32 bit) - Success" - ID 90
14:40:22:239 (05/05/2022) - WRITE MEM Access, AP 0x00000000, Addr 0xE0001018, Val 0x00000000, "DAP Write Memory (32 bit) - Success" - ID 91
14:40:22:520 (05/05/2022) - READ  MEM Access, AP 0x00000000, Addr 0xE000EDF0, Val 0x00030003, "DAP Read Memory (32 bit) - Success" - ID 92
14:40:22:830 (05/05/2022) - READ  MEM Access, AP 0x00000000, Addr 0xE000EDF0, Val 0x00030003, "DAP Read Memory (32 bit) - Success" - ID 93
14:40:23:138 (05/05/2022) - READ  MEM Access, AP 0x00000000, Addr 0xE000EDF0, Val 0x00030003, "DAP Read Memory (32 bit) - Success" - ID 94
14:40:23:449 (05/05/2022) - READ  MEM Access, AP 0x00000000, Addr 0xE000EDF0, Val 0x00030003, "DAP Read Memory (32 bit) - Success" - ID 95
14:40:23:759 (05/05/2022) - READ  MEM Access, AP 0x00000000, Addr 0xE000EDF0, Val 0x00030003, "DAP Read Memory (32 bit) - Success" - ID 96
14:40:24:056 (05/05/2022) - READ  MEM Access, AP 0x00000000, Addr 0xE000EDF0, Val 0x00030003, "DAP Read Memory (32 bit) - Success" - ID 97
14:40:24:363 (05/05/2022) - READ  MEM Access, AP 0x00000000, Addr 0xE000EDF0, Val 0x00030003, "DAP Read Memory (32 bit) - Success" - ID 98
14:40:24:673 (05/05/2022) - READ  MEM Access, AP 0x00000000, Addr 0xE000EDF0, Val 0x00030003, "DAP Read Memory (32 bit) - Success" - ID 99
14:40:24:982 (05/05/2022) - READ  MEM Access, AP 0x00000000, Addr 0xE000EDF0, Val 0x00030003, "DAP Read Memory (32 bit) - Success" - ID 100
14:40:25:288 (05/05/2022) - READ  MEM Access, AP 0x00000000, Addr 0xE000EDF0, Val 0x00030003, "DAP Read Memory (32 bit) - Success" - ID 101
14:40:25:599 (05/05/2022) - READ  MEM Access, AP 0x00000000, Addr 0xE000EDF0, Val 0x00030003, "DAP Read Memory (32 bit) - Success" - ID 102
14:40:25:641 (05/05/2022) - READ  MEM Access, AP 0x00000000, Addr 0xE0001004, Val 0x000BF6FE, "DAP Read Memory (32 bit) - Success" - ID 103
14:40:25:796 (05/05/2022) - READ  MEM Access, AP 0x00000000, Addr 0xE0001004, Val 0x000BF6FE, "DAP Read Memory (32 bit) - Success" - ID 104
14:40:25:899 (05/05/2022) - READ  MEM Access, AP 0x00000000, Addr 0xE000EDF0, Val 0x00030003, "DAP Read Memory (32 bit) - Success" - ID 105
14:40:26:002 (05/05/2022) - WRITE MEM Access, AP 0x00000000, Addr 0xE0001008, Val 0x00000000, "DAP Write Memory (32 bit) - Success" - ID 106
14:40:26:004 (05/05/2022) - WRITE MEM Access, AP 0x00000000, Addr 0xE000100C, Val 0x00000000, "DAP Write Memory (32 bit) - Success" - ID 107
14:40:26:006 (05/05/2022) - WRITE MEM Access, AP 0x00000000, Addr 0xE0001010, Val 0x00000000, "DAP Write Memory (32 bit) - Success" - ID 108
14:40:26:008 (05/05/2022) - WRITE MEM Access, AP 0x00000000, Addr 0xE0001014, Val 0x00000000, "DAP Write Memory (32 bit) - Success" - ID 109
14:40:26:009 (05/05/2022) - WRITE MEM Access, AP 0x00000000, Addr 0xE0001018, Val 0x00000000, "DAP Write Memory (32 bit) - Success" - ID 110
14:40:26:229 (05/05/2022) - READ  MEM Access, AP 0x00000000, Addr 0xE000EDF0, Val 0x00030003, "DAP Read Memory (32 bit) - Success" - ID 111
14:40:26:518 (05/05/2022) - READ  MEM Access, AP 0x00000000, Addr 0xE000EDF0, Val 0x00030003, "DAP Read Memory (32 bit) - Success" - ID 112
14:40:26:829 (05/05/2022) - READ  MEM Access, AP 0x00000000, Addr 0xE000EDF0, Val 0x00030003, "DAP Read Memory (32 bit) - Success" - ID 113
14:40:27:128 (05/05/2022) - READ  MEM Access, AP 0x00000000, Addr 0xE000EDF0, Val 0x00030003, "DAP Read Memory (32 bit) - Success" - ID 114
14:40:27:438 (05/05/2022) - READ  MEM Access, AP 0x00000000, Addr 0xE000EDF0, Val 0x00030003, "DAP Read Memory (32 bit) - Success" - ID 115
14:40:27:750 (05/05/2022) - READ  MEM Access, AP 0x00000000, Addr 0xE000EDF0, Val 0x00030003, "DAP Read Memory (32 bit) - Success" - ID 116
14:40:28:056 (05/05/2022) - READ  MEM Access, AP 0x00000000, Addr 0xE000EDF0, Val 0x00030003, "DAP Read Memory (32 bit) - Success" - ID 117
14:40:28:365 (05/05/2022) - READ  MEM Access, AP 0x00000000, Addr 0xE000EDF0, Val 0x00030003, "DAP Read Memory (32 bit) - Success" - ID 118
14:40:28:667 (05/05/2022) - READ  MEM Access, AP 0x00000000, Addr 0xE000EDF0, Val 0x00030003, "DAP Read Memory (32 bit) - Success" - ID 119
14:40:28:977 (05/05/2022) - READ  MEM Access, AP 0x00000000, Addr 0xE000EDF0, Val 0x00030003, "DAP Read Memory (32 bit) - Success" - ID 120
14:40:29:280 (05/05/2022) - READ  MEM Access, AP 0x00000000, Addr 0xE000EDF0, Val 0x00030003, "DAP Read Memory (32 bit) - Success" - ID 121
14:40:29:589 (05/05/2022) - READ  MEM Access, AP 0x00000000, Addr 0xE000EDF0, Val 0x00030003, "DAP Read Memory (32 bit) - Success" - ID 122
14:40:29:893 (05/05/2022) - READ  MEM Access, AP 0x00000000, Addr 0xE000EDF0, Val 0x00030003, "DAP Read Memory (32 bit) - Success" - ID 123
14:40:30:119 (05/05/2022) - READ  MEM BLOCK Access, AP 0x00000000, Start Addr 0x080001A4, End Addr 0x080001A5, "DAP Read Memory Block - Success" - ID 124
  Item #0, AP 0, Addr 0x080001A4, Value 0x4806
14:40:30:129 (05/05/2022) - WRITE MEM BLOCK Access, AP 0x00000000, Start Addr 0xE0002000, End Addr 0xE000201F, "DAP Write Memory Block - Success" - ID 125
  Item #0, AP 0, Addr 0xE0002000, Value 0x00000003
  Item #1, AP 0, Addr 0xE0002004, Value 0x00000000
  Item #2, AP 0, Addr 0xE0002008, Value 0x00000000
  Item #3, AP 0, Addr 0xE000200C, Value 0x00000000
  Item #4, AP 0, Addr 0xE0002010, Value 0x00000000
  Item #5, AP 0, Addr 0xE0002014, Value 0x00000000
  Item #6, AP 0, Addr 0xE0002018, Value 0x00000000
  Item #7, AP 0, Addr 0xE000201C, Value 0x00000000
14:40:30:138 (05/05/2022) - WRITE MEM BLOCK Access, AP 0x00000000, Start Addr 0xE0001020, End Addr 0xE000105F, "DAP Write Memory Block - Success" - ID 126
  Item #0, AP 0, Addr 0xE0001020, Value 0x00000000
  Item #1, AP 0, Addr 0xE0001024, Value 0x00000000
  Item #2, AP 0, Addr 0xE0001028, Value 0x00000000
  Item #3, AP 0, Addr 0xE000102C, Value 0x00000000
  Item #4, AP 0, Addr 0xE0001030, Value 0x00000000
  Item #5, AP 0, Addr 0xE0001034, Value 0x00000000
  Item #6, AP 0, Addr 0xE0001038, Value 0x00000000
  Item #7, AP 0, Addr 0xE000103C, Value 0x00000000
  Item #8, AP 0, Addr 0xE0001040, Value 0x00000000
  Item #9, AP 0, Addr 0xE0001044, Value 0x00000000
  Item #10, AP 0, Addr 0xE0001048, Value 0x00000000
  Item #11, AP 0, Addr 0xE000104C, Value 0x00000000
  Item #12, AP 0, Addr 0xE0001050, Value 0x00000000
  Item #13, AP 0, Addr 0xE0001054, Value 0x00000000
  Item #14, AP 0, Addr 0xE0001058, Value 0x00000000
  Item #15, AP 0, Addr 0xE000105C, Value 0x00000000
14:40:30:152 (05/05/2022) - WRITE MEM BLOCK Access, AP 0x00000000, Start Addr 0xE0001020, End Addr 0xE000105F, "DAP Write Memory Block - Success" - ID 127
  Item #0, AP 0, Addr 0xE0001020, Value 0x00000000
  Item #1, AP 0, Addr 0xE0001024, Value 0x00000000
  Item #2, AP 0, Addr 0xE0001028, Value 0x00000000
  Item #3, AP 0, Addr 0xE000102C, Value 0x00000000
  Item #4, AP 0, Addr 0xE0001030, Value 0x00000000
  Item #5, AP 0, Addr 0xE0001034, Value 0x00000000
  Item #6, AP 0, Addr 0xE0001038, Value 0x00000000
  Item #7, AP 0, Addr 0xE000103C, Value 0x00000000
  Item #8, AP 0, Addr 0xE0001040, Value 0x00000000
  Item #9, AP 0, Addr 0xE0001044, Value 0x00000000
  Item #10, AP 0, Addr 0xE0001048, Value 0x00000000
  Item #11, AP 0, Addr 0xE000104C, Value 0x00000000
  Item #12, AP 0, Addr 0xE0001050, Value 0x00000000
  Item #13, AP 0, Addr 0xE0001054, Value 0x00000000
  Item #14, AP 0, Addr 0xE0001058, Value 0x00000000
  Item #15, AP 0, Addr 0xE000105C, Value 0x00000000
14:40:30:156 (05/05/2022) - WRITE MEM Access, AP 0x00000000, Addr 0xE000ED30, Val 0x0000001F, "DAP Write Memory (32 bit) - Success" - ID 128
14:40:30:160 (05/05/2022) - READ  MEM Access, AP 0x00000000, Addr 0xE000EDF0, Val 0x01010001, "DAP Read Memory (32 bit) - Success" - ID 129
14:40:30:165 (05/05/2022) - READ  MEM Access, AP 0x00000000, Addr 0xE000EDF0, Val 0x01010001, "DAP Read Memory (32 bit) - Success" - ID 130
14:40:30:308 (05/05/2022) - READ  MEM Access, AP 0x00000000, Addr 0xE000EDF0, Val 0x01010001, "DAP Read Memory (32 bit) - Success" - ID 131
14:40:30:407 (05/05/2022) - READ  MEM Access, AP 0x00000000, Addr 0xE000EDF0, Val 0x01010001, "DAP Read Memory (32 bit) - Success" - ID 132
14:40:30:515 (05/05/2022) - READ  MEM Access, AP 0x00000000, Addr 0xE000EDF0, Val 0x01010001, "DAP Read Memory (32 bit) - Success" - ID 133
14:40:30:609 (05/05/2022) - READ  MEM Access, AP 0x00000000, Addr 0xE000EDF0, Val 0x01010001, "DAP Read Memory (32 bit) - Success" - ID 134
14:40:30:717 (05/05/2022) - READ  MEM Access, AP 0x00000000, Addr 0xE000EDF0, Val 0x01010001, "DAP Read Memory (32 bit) - Success" - ID 135
14:40:30:719 (05/05/2022) - READ  MEM Access, AP 0x00000000, Addr 0xE0001004, Val 0x04041694, "DAP Read Memory (32 bit) - Success" - ID 136
14:40:30:815 (05/05/2022) - READ  MEM Access, AP 0x00000000, Addr 0xE000EDF0, Val 0x01010001, "DAP Read Memory (32 bit) - Success" - ID 137
14:40:30:918 (05/05/2022) - READ  MEM Access, AP 0x00000000, Addr 0xE000EDF0, Val 0x01010001, "DAP Read Memory (32 bit) - Success" - ID 138
14:40:31:021 (05/05/2022) - READ  MEM Access, AP 0x00000000, Addr 0xE000EDF0, Val 0x01010001, "DAP Read Memory (32 bit) - Success" - ID 139
14:40:31:121 (05/05/2022) - READ  MEM Access, AP 0x00000000, Addr 0xE000EDF0, Val 0x01010001, "DAP Read Memory (32 bit) - Success" - ID 140
14:40:31:229 (05/05/2022) - READ  MEM Access, AP 0x00000000, Addr 0xE000EDF0, Val 0x01010001, "DAP Read Memory (32 bit) - Success" - ID 141
14:40:31:230 (05/05/2022) - READ  MEM Access, AP 0x00000000, Addr 0xE0001004, Val 0x07ACEAB8, "DAP Read Memory (32 bit) - Success" - ID 142
14:40:31:332 (05/05/2022) - READ  MEM Access, AP 0x00000000, Addr 0xE000EDF0, Val 0x01010001, "DAP Read Memory (32 bit) - Success" - ID 143
14:40:31:432 (05/05/2022) - READ  MEM Access, AP 0x00000000, Addr 0xE000EDF0, Val 0x01010001, "DAP Read Memory (32 bit) - Success" - ID 144
14:40:31:532 (05/05/2022) - READ  MEM Access, AP 0x00000000, Addr 0xE000EDF0, Val 0x01010001, "DAP Read Memory (32 bit) - Success" - ID 145
14:40:31:636 (05/05/2022) - READ  MEM Access, AP 0x00000000, Addr 0xE000EDF0, Val 0x01010001, "DAP Read Memory (32 bit) - Success" - ID 146
14:40:31:740 (05/05/2022) - READ  MEM Access, AP 0x00000000, Addr 0xE000EDF0, Val 0x01010001, "DAP Read Memory (32 bit) - Success" - ID 147
14:40:31:749 (05/05/2022) - READ  MEM Access, AP 0x00000000, Addr 0xE0001004, Val 0x0B5B3E8B, "DAP Read Memory (32 bit) - Success" - ID 148
14:40:31:846 (05/05/2022) - READ  MEM Access, AP 0x00000000, Addr 0xE000EDF0, Val 0x01010001, "DAP Read Memory (32 bit) - Success" - ID 149
14:40:31:941 (05/05/2022) - READ  MEM Access, AP 0x00000000, Addr 0xE000EDF0, Val 0x01010001, "DAP Read Memory (32 bit) - Success" - ID 150
14:40:32:048 (05/05/2022) - READ  MEM Access, AP 0x00000000, Addr 0xE000EDF0, Val 0x01010001, "DAP Read Memory (32 bit) - Success" - ID 151
14:40:32:147 (05/05/2022) - READ  MEM Access, AP 0x00000000, Addr 0xE000EDF0, Val 0x01010001, "DAP Read Memory (32 bit) - Success" - ID 152
14:40:32:248 (05/05/2022) - READ  MEM Access, AP 0x00000000, Addr 0xE000EDF0, Val 0x01010001, "DAP Read Memory (32 bit) - Success" - ID 153
14:40:32:353 (05/05/2022) - READ  MEM Access, AP 0x00000000, Addr 0xE000EDF0, Val 0x01010001, "DAP Read Memory (32 bit) - Success" - ID 154
14:40:32:358 (05/05/2022) - READ  MEM Access, AP 0x00000000, Addr 0xE0001004, Val 0x0FB6E800, "DAP Read Memory (32 bit) - Success" - ID 155
14:40:32:455 (05/05/2022) - READ  MEM Access, AP 0x00000000, Addr 0xE000EDF0, Val 0x01010001, "DAP Read Memory (32 bit) - Success" - ID 156
14:40:32:555 (05/05/2022) - READ  MEM Access, AP 0x00000000, Addr 0xE000EDF0, Val 0x01010001, "DAP Read Memory (32 bit) - Success" - ID 157
14:40:32:661 (05/05/2022) - READ  MEM Access, AP 0x00000000, Addr 0xE000EDF0, Val 0x01010001, "DAP Read Memory (32 bit) - Success" - ID 158
14:40:32:766 (05/05/2022) - READ  MEM Access, AP 0x00000000, Addr 0xE000EDF0, Val 0x01010001, "DAP Read Memory (32 bit) - Success" - ID 159
14:40:32:866 (05/05/2022) - READ  MEM Access, AP 0x00000000, Addr 0xE000EDF0, Val 0x01010001, "DAP Read Memory (32 bit) - Success" - ID 160
14:40:32:871 (05/05/2022) - READ  MEM Access, AP 0x00000000, Addr 0xE0001004, Val 0x1362E3C3, "DAP Read Memory (32 bit) - Success" - ID 161
14:40:32:968 (05/05/2022) - READ  MEM Access, AP 0x00000000, Addr 0xE000EDF0, Val 0x01010001, "DAP Read Memory (32 bit) - Success" - ID 162
14:40:33:067 (05/05/2022) - READ  MEM Access, AP 0x00000000, Addr 0xE000EDF0, Val 0x01010001, "DAP Read Memory (32 bit) - Success" - ID 163
14:40:33:170 (05/05/2022) - READ  MEM Access, AP 0x00000000, Addr 0xE000EDF0, Val 0x01010001, "DAP Read Memory (32 bit) - Success" - ID 164
14:40:33:272 (05/05/2022) - READ  MEM Access, AP 0x00000000, Addr 0xE000EDF0, Val 0x01010001, "DAP Read Memory (32 bit) - Success" - ID 165
14:40:33:382 (05/05/2022) - READ  MEM Access, AP 0x00000000, Addr 0xE000EDF0, Val 0x01010001, "DAP Read Memory (32 bit) - Success" - ID 166
14:40:33:384 (05/05/2022) - READ  MEM Access, AP 0x00000000, Addr 0xE0001004, Val 0x171485A1, "DAP Read Memory (32 bit) - Success" - ID 167
14:40:33:482 (05/05/2022) - READ  MEM Access, AP 0x00000000, Addr 0xE000EDF0, Val 0x01010001, "DAP Read Memory (32 bit) - Success" - ID 168
14:40:33:582 (05/05/2022) - READ  MEM Access, AP 0x00000000, Addr 0xE000EDF0, Val 0x01010001, "DAP Read Memory (32 bit) - Success" - ID 169
14:40:33:683 (05/05/2022) - READ  MEM Access, AP 0x00000000, Addr 0xE000EDF0, Val 0x01010001, "DAP Read Memory (32 bit) - Success" - ID 170
14:40:33:794 (05/05/2022) - READ  MEM Access, AP 0x00000000, Addr 0xE000EDF0, Val 0x01010001, "DAP Read Memory (32 bit) - Success" - ID 171
14:40:33:893 (05/05/2022) - READ  MEM Access, AP 0x00000000, Addr 0xE000EDF0, Val 0x01010001, "DAP Read Memory (32 bit) - Success" - ID 172
14:40:33:991 (05/05/2022) - READ  MEM Access, AP 0x00000000, Addr 0xE000EDF0, Val 0x01010001, "DAP Read Memory (32 bit) - Success" - ID 173
14:40:33:999 (05/05/2022) - READ  MEM Access, AP 0x00000000, Addr 0xE0001004, Val 0x1B741BF1, "DAP Read Memory (32 bit) - Success" - ID 174
14:40:34:091 (05/05/2022) - READ  MEM Access, AP 0x00000000, Addr 0xE000EDF0, Val 0x01010001, "DAP Read Memory (32 bit) - Success" - ID 175
14:40:34:194 (05/05/2022) - READ  MEM Access, AP 0x00000000, Addr 0xE000EDF0, Val 0x01010001, "DAP Read Memory (32 bit) - Success" - ID 176
14:40:34:297 (05/05/2022) - READ  MEM Access, AP 0x00000000, Addr 0xE000EDF0, Val 0x01010001, "DAP Read Memory (32 bit) - Success" - ID 177
14:40:34:404 (05/05/2022) - READ  MEM Access, AP 0x00000000, Addr 0xE000EDF0, Val 0x01010001, "DAP Read Memory (32 bit) - Success" - ID 178
14:40:34:468 (05/05/2022) - READ  MEM Access, AP 0x00000000, Addr 0xE000EDF0, Val 0x01010001, "DAP Read Memory (32 bit) - Success" - ID 179
14:40:34:608 (05/05/2022) - READ  MEM Access, AP 0x00000000, Addr 0xE000EDF0, Val 0x01010001, "DAP Read Memory (32 bit) - Success" - ID 180
14:40:34:613 (05/05/2022) - READ  MEM Access, AP 0x00000000, Addr 0xE0001004, Val 0x1FDE782B, "DAP Read Memory (32 bit) - Success" - ID 181
14:40:34:708 (05/05/2022) - READ  MEM Access, AP 0x00000000, Addr 0xE000EDF0, Val 0x01010001, "DAP Read Memory (32 bit) - Success" - ID 182
14:40:34:816 (05/05/2022) - READ  MEM Access, AP 0x00000000, Addr 0xE000EDF0, Val 0x01010001, "DAP Read Memory (32 bit) - Success" - ID 183
14:40:34:920 (05/05/2022) - READ  MEM Access, AP 0x00000000, Addr 0xE000EDF0, Val 0x01010001, "DAP Read Memory (32 bit) - Success" - ID 184
14:40:35:015 (05/05/2022) - READ  MEM Access, AP 0x00000000, Addr 0xE000EDF0, Val 0x01010001, "DAP Read Memory (32 bit) - Success" - ID 185
14:40:35:122 (05/05/2022) - READ  MEM Access, AP 0x00000000, Addr 0xE000EDF0, Val 0x01010001, "DAP Read Memory (32 bit) - Success" - ID 186
14:40:35:131 (05/05/2022) - READ  MEM Access, AP 0x00000000, Addr 0xE0001004, Val 0x238C0083, "DAP Read Memory (32 bit) - Success" - ID 187
14:40:35:222 (05/05/2022) - READ  MEM Access, AP 0x00000000, Addr 0xE000EDF0, Val 0x01010001, "DAP Read Memory (32 bit) - Success" - ID 188
14:40:35:323 (05/05/2022) - READ  MEM Access, AP 0x00000000, Addr 0xE000EDF0, Val 0x01010001, "DAP Read Memory (32 bit) - Success" - ID 189
14:40:35:423 (05/05/2022) - READ  MEM Access, AP 0x00000000, Addr 0xE000EDF0, Val 0x01010001, "DAP Read Memory (32 bit) - Success" - ID 190
14:40:35:525 (05/05/2022) - READ  MEM Access, AP 0x00000000, Addr 0xE000EDF0, Val 0x01010001, "DAP Read Memory (32 bit) - Success" - ID 191
14:40:35:632 (05/05/2022) - READ  MEM Access, AP 0x00000000, Addr 0xE000EDF0, Val 0x01010001, "DAP Read Memory (32 bit) - Success" - ID 192
14:40:35:640 (05/05/2022) - WRITE MEM Access, AP 0x00000000, Addr 0xE000ED0C, Val 0x05FA0004, "DAP Write Memory (32 bit) - Success" - ID 193
14:40:35:642 (05/05/2022) - READ  MEM Access, AP 0x00000000, Addr 0xE000EDF0, Val 0x02030003, "DAP Read Memory (32 bit) - Success" - ID 194
14:40:35:681 (05/05/2022) - WRITE MEM BLOCK Access, AP 0x00000000, Start Addr 0xE0002000, End Addr 0xE000201F, "DAP Write Memory Block - Success" - ID 195
  Item #0, AP 0, Addr 0xE0002000, Value 0x00000002
  Item #1, AP 0, Addr 0xE0002004, Value 0x00000000
  Item #2, AP 0, Addr 0xE0002008, Value 0x00000000
  Item #3, AP 0, Addr 0xE000200C, Value 0x00000000
  Item #4, AP 0, Addr 0xE0002010, Value 0x00000000
  Item #5, AP 0, Addr 0xE0002014, Value 0x00000000
  Item #6, AP 0, Addr 0xE0002018, Value 0x00000000
  Item #7, AP 0, Addr 0xE000201C, Value 0x00000000
14:40:35:692 (05/05/2022) - WRITE MEM BLOCK Access, AP 0x00000000, Start Addr 0xE0001020, End Addr 0xE000105F, "DAP Write Memory Block - Success" - ID 196
  Item #0, AP 0, Addr 0xE0001020, Value 0x00000000
  Item #1, AP 0, Addr 0xE0001024, Value 0x00000000
  Item #2, AP 0, Addr 0xE0001028, Value 0x00000000
  Item #3, AP 0, Addr 0xE000102C, Value 0x00000000
  Item #4, AP 0, Addr 0xE0001030, Value 0x00000000
  Item #5, AP 0, Addr 0xE0001034, Value 0x00000000
  Item #6, AP 0, Addr 0xE0001038, Value 0x00000000
  Item #7, AP 0, Addr 0xE000103C, Value 0x00000000
  Item #8, AP 0, Addr 0xE0001040, Value 0x00000000
  Item #9, AP 0, Addr 0xE0001044, Value 0x00000000
  Item #10, AP 0, Addr 0xE0001048, Value 0x00000000
  Item #11, AP 0, Addr 0xE000104C, Value 0x00000000
  Item #12, AP 0, Addr 0xE0001050, Value 0x00000000
  Item #13, AP 0, Addr 0xE0001054, Value 0x00000000
  Item #14, AP 0, Addr 0xE0001058, Value 0x00000000
  Item #15, AP 0, Addr 0xE000105C, Value 0x00000000
14:40:35:698 (05/05/2022) - WRITE MEM BLOCK Access, AP 0x00000000, Start Addr 0xE0001020, End Addr 0xE000105F, "DAP Write Memory Block - Success" - ID 197
  Item #0, AP 0, Addr 0xE0001020, Value 0x00000000
  Item #1, AP 0, Addr 0xE0001024, Value 0x00000000
  Item #2, AP 0, Addr 0xE0001028, Value 0x00000000
  Item #3, AP 0, Addr 0xE000102C, Value 0x00000000
  Item #4, AP 0, Addr 0xE0001030, Value 0x00000000
  Item #5, AP 0, Addr 0xE0001034, Value 0x00000000
  Item #6, AP 0, Addr 0xE0001038, Value 0x00000000
  Item #7, AP 0, Addr 0xE000103C, Value 0x00000000
  Item #8, AP 0, Addr 0xE0001040, Value 0x00000000
  Item #9, AP 0, Addr 0xE0001044, Value 0x00000000
  Item #10, AP 0, Addr 0xE0001048, Value 0x00000000
  Item #11, AP 0, Addr 0xE000104C, Value 0x00000000
  Item #12, AP 0, Addr 0xE0001050, Value 0x00000000
  Item #13, AP 0, Addr 0xE0001054, Value 0x00000000
  Item #14, AP 0, Addr 0xE0001058, Value 0x00000000
  Item #15, AP 0, Addr 0xE000105C, Value 0x00000000
14:40:35:700 (05/05/2022) - READ  MEM Access, AP 0x00000000, Addr 0xE000ED30, Val 0x00000008, "DAP Read Memory (32 bit) - Success" - ID 198
14:40:35:708 (05/05/2022) - READ  MEM Access, AP 0x00000000, Addr 0xE0001028, Val 0x00000000, "DAP Read Memory (32 bit) - Success" - ID 199
14:40:35:710 (05/05/2022) - READ  MEM Access, AP 0x00000000, Addr 0xE0001038, Val 0x00000200, "DAP Read Memory (32 bit) - Success" - ID 200
14:40:35:712 (05/05/2022) - READ  MEM Access, AP 0x00000000, Addr 0xE0001048, Val 0x00000000, "DAP Read Memory (32 bit) - Success" - ID 201
14:40:35:720 (05/05/2022) - READ  MEM Access, AP 0x00000000, Addr 0xE0001058, Val 0x00000000, "DAP Read Memory (32 bit) - Success" - ID 202
14:40:35:742 (05/05/2022) - READ  MEM Access, AP 0x00000000, Addr 0xE0001004, Val 0x27344D90, "DAP Read Memory (32 bit) - Success" - ID 203
14:40:35:941 (05/05/2022) - READ  MEM Access, AP 0x00000000, Addr 0xE000EDF0, Val 0x00030003, "DAP Read Memory (32 bit) - Success" - ID 204
14:40:36:241 (05/05/2022) - READ  MEM Access, AP 0x00000000, Addr 0xE000EDF0, Val 0x00030003, "DAP Read Memory (32 bit) - Success" - ID 205
14:40:36:548 (05/05/2022) - READ  MEM Access, AP 0x00000000, Addr 0xE000EDF0, Val 0x00030003, "DAP Read Memory (32 bit) - Success" - ID 206
14:40:36:754 (05/05/2022) - WRITE MEM Access, AP 0x00000000, Addr 0xE000EDFC, Val 0x00000001, "DAP Write Memory (32 bit) - Success" - ID 207
14:40:36:756 (05/05/2022) - READ  MEM Access, AP 0x00000000, Addr 0xE000EDF0, Val 0x00030003, "DAP Read Memory (32 bit) - Success" - ID 208
14:40:36:762 (05/05/2022) - WRITE MEM Access, AP 0x00000000, Addr 0xE000ED0C, Val 0x05FA0004, "DAP Write Memory (32 bit) - Success" - ID 209
14:40:36:763 (05/05/2022) - READ  MEM Access, AP 0x00000000, Addr 0xE000EDF0, Val 0x02030003, "DAP Read Memory (32 bit) - Success" - ID 210
14:40:36:765 (05/05/2022) - READ  MEM Access, AP 0x00000000, Addr 0xE000EDF0, Val 0x00030003, "DAP Read Memory (32 bit) - Success" - ID 211
14:40:36:778 (05/05/2022) - READ  MEM Access, AP 0x00000000, Addr 0xE000EDF0, Val 0x00030003, "DAP Read Memory (32 bit) - Success" - ID 212
14:40:36:780 (05/05/2022) - READ  MEM Access, AP 0x00000000, Addr 0xE000EDF0, Val 0x00030003, "DAP Read Memory (32 bit) - Success" - ID 213
14:40:36:815 (05/05/2022) - READ  MEM Access, AP 0x00000000, Addr 0xE0001004, Val 0x27344D90, "DAP Read Memory (32 bit) - Success" - ID 214
14:40:36:964 (05/05/2022) - WRITE MEM Access, AP 0x00000000, Addr 0xE0001008, Val 0x00000000, "DAP Write Memory (32 bit) - Success" - ID 215
14:40:36:969 (05/05/2022) - WRITE MEM Access, AP 0x00000000, Addr 0xE000100C, Val 0x00000000, "DAP Write Memory (32 bit) - Success" - ID 216
14:40:36:971 (05/05/2022) - WRITE MEM Access, AP 0x00000000, Addr 0xE0001010, Val 0x00000000, "DAP Write Memory (32 bit) - Success" - ID 217
14:40:36:976 (05/05/2022) - WRITE MEM Access, AP 0x00000000, Addr 0xE0001014, Val 0x00000000, "DAP Write Memory (32 bit) - Success" - ID 218
14:40:36:983 (05/05/2022) - WRITE MEM Access, AP 0x00000000, Addr 0xE0001018, Val 0x00000000, "DAP Write Memory (32 bit) - Success" - ID 219
14:40:36:990 (05/05/2022) - READ  MEM Access, AP 0x00000000, Addr 0xE0001004, Val 0x27344D90, "DAP Read Memory (32 bit) - Success" - ID 220
14:40:37:063 (05/05/2022) - READ  MEM Access, AP 0x00000000, Addr 0xE000EDF0, Val 0x00030003, "DAP Read Memory (32 bit) - Success" - ID 221
14:40:37:163 (05/05/2022) - WRITE MEM Access, AP 0x00000000, Addr 0xE0001008, Val 0x00000000, "DAP Write Memory (32 bit) - Success" - ID 222
14:40:37:165 (05/05/2022) - WRITE MEM Access, AP 0x00000000, Addr 0xE000100C, Val 0x00000000, "DAP Write Memory (32 bit) - Success" - ID 223
14:40:37:167 (05/05/2022) - WRITE MEM Access, AP 0x00000000, Addr 0xE0001010, Val 0x00000000, "DAP Write Memory (32 bit) - Success" - ID 224
14:40:37:168 (05/05/2022) - WRITE MEM Access, AP 0x00000000, Addr 0xE0001014, Val 0x00000000, "DAP Write Memory (32 bit) - Success" - ID 225
14:40:37:170 (05/05/2022) - WRITE MEM Access, AP 0x00000000, Addr 0xE0001018, Val 0x00000000, "DAP Write Memory (32 bit) - Success" - ID 226
14:40:37:186 (05/05/2022) - WRITE MEM Access, AP 0x00000000, Addr 0xE000EDFC, Val 0x00000001, "DAP Write Memory (32 bit) - Success" - ID 227
14:40:37:191 (05/05/2022) - READ  MEM Access, AP 0x00000000, Addr 0xE000EDF0, Val 0x00030003, "DAP Read Memory (32 bit) - Success" - ID 228
14:40:37:202 (05/05/2022) - WRITE MEM Access, AP 0x00000000, Addr 0xE000ED0C, Val 0x05FA0004, "DAP Write Memory (32 bit) - Success" - ID 229
14:40:37:205 (05/05/2022) - READ  MEM Access, AP 0x00000000, Addr 0xE000EDF0, Val 0x02030003, "DAP Read Memory (32 bit) - Success" - ID 230
14:40:37:207 (05/05/2022) - READ  MEM Access, AP 0x00000000, Addr 0xE000EDF0, Val 0x00030003, "DAP Read Memory (32 bit) - Success" - ID 231
14:40:37:226 (05/05/2022) - READ  MEM Access, AP 0x00000000, Addr 0xE000EDF0, Val 0x00030003, "DAP Read Memory (32 bit) - Success" - ID 232
14:40:37:230 (05/05/2022) - READ  MEM Access, AP 0x00000000, Addr 0xE000EDF0, Val 0x00030003, "DAP Read Memory (32 bit) - Success" - ID 233
14:40:37:277 (05/05/2022) - READ  MEM Access, AP 0x00000000, Addr 0xE0001004, Val 0x27344D90, "DAP Read Memory (32 bit) - Success" - ID 234
14:40:37:470 (05/05/2022) - WRITE MEM Access, AP 0x00000000, Addr 0xE0001008, Val 0x00000000, "DAP Write Memory (32 bit) - Success" - ID 235
14:40:37:472 (05/05/2022) - WRITE MEM Access, AP 0x00000000, Addr 0xE000100C, Val 0x00000000, "DAP Write Memory (32 bit) - Success" - ID 236
14:40:37:477 (05/05/2022) - WRITE MEM Access, AP 0x00000000, Addr 0xE0001010, Val 0x00000000, "DAP Write Memory (32 bit) - Success" - ID 237
14:40:37:479 (05/05/2022) - WRITE MEM Access, AP 0x00000000, Addr 0xE0001014, Val 0x00000000, "DAP Write Memory (32 bit) - Success" - ID 238
14:40:37:481 (05/05/2022) - WRITE MEM Access, AP 0x00000000, Addr 0xE0001018, Val 0x00000000, "DAP Write Memory (32 bit) - Success" - ID 239
14:40:37:490 (05/05/2022) - READ  MEM Access, AP 0x00000000, Addr 0xE0001004, Val 0x27344D90, "DAP Read Memory (32 bit) - Success" - ID 240
14:40:37:503 (05/05/2022) - READ  MEM Access, AP 0x00000000, Addr 0xE000EDF0, Val 0x00030003, "DAP Read Memory (32 bit) - Success" - ID 241
14:40:37:679 (05/05/2022) - WRITE MEM Access, AP 0x00000000, Addr 0xE0001008, Val 0x00000000, "DAP Write Memory (32 bit) - Success" - ID 242
14:40:37:681 (05/05/2022) - WRITE MEM Access, AP 0x00000000, Addr 0xE000100C, Val 0x00000000, "DAP Write Memory (32 bit) - Success" - ID 243
14:40:37:683 (05/05/2022) - WRITE MEM Access, AP 0x00000000, Addr 0xE0001010, Val 0x00000000, "DAP Write Memory (32 bit) - Success" - ID 244
14:40:37:685 (05/05/2022) - WRITE MEM Access, AP 0x00000000, Addr 0xE0001014, Val 0x00000000, "DAP Write Memory (32 bit) - Success" - ID 245
14:40:37:695 (05/05/2022) - WRITE MEM Access, AP 0x00000000, Addr 0xE0001018, Val 0x00000000, "DAP Write Memory (32 bit) - Success" - ID 246
14:40:37:778 (05/05/2022) - READ  MEM Access, AP 0x00000000, Addr 0xE000EDF0, Val 0x00030003, "DAP Read Memory (32 bit) - Success" - ID 247
14:40:38:099 (05/05/2022) - READ  MEM Access, AP 0x00000000, Addr 0xE000EDF0, Val 0x00030003, "DAP Read Memory (32 bit) - Success" - ID 248
14:40:38:107 (05/05/2022) - WRITE MEM Access, AP 0x00000000, Addr 0xE000ED0C, Val 0x05FA0004, "DAP Write Memory (32 bit) - Success" - ID 249
14:40:38:112 (05/05/2022) - READ  MEM Access, AP 0x00000000, Addr 0xE000EDF0, Val 0x02030003, "DAP Read Memory (32 bit) - Success" - ID 250
14:40:38:119 (05/05/2022) - READ  MEM Access, AP 0x00000000, Addr 0xE000EDF0, Val 0x00030003, "DAP Read Memory (32 bit) - Success" - ID 251
14:40:38:145 (05/05/2022) - READ  MEM Access, AP 0x00000000, Addr 0xE000EDF0, Val 0x00030003, "DAP Read Memory (32 bit) - Success" - ID 252
14:40:38:147 (05/05/2022) - READ  MEM Access, AP 0x00000000, Addr 0xE000EDF0, Val 0x00030003, "DAP Read Memory (32 bit) - Success" - ID 253
14:40:38:183 (05/05/2022) - READ  MEM Access, AP 0x00000000, Addr 0xE0001004, Val 0x27344D90, "DAP Read Memory (32 bit) - Success" - ID 254
14:40:38:393 (05/05/2022) - WRITE MEM Access, AP 0x00000000, Addr 0xE0001008, Val 0x00000000, "DAP Write Memory (32 bit) - Success" - ID 255
14:40:38:397 (05/05/2022) - WRITE MEM Access, AP 0x00000000, Addr 0xE000100C, Val 0x00000000, "DAP Write Memory (32 bit) - Success" - ID 256
14:40:38:402 (05/05/2022) - WRITE MEM Access, AP 0x00000000, Addr 0xE0001010, Val 0x00000000, "DAP Write Memory (32 bit) - Success" - ID 257
14:40:38:405 (05/05/2022) - WRITE MEM Access, AP 0x00000000, Addr 0xE0001014, Val 0x00000000, "DAP Write Memory (32 bit) - Success" - ID 258
14:40:38:406 (05/05/2022) - WRITE MEM Access, AP 0x00000000, Addr 0xE0001018, Val 0x00000000, "DAP Write Memory (32 bit) - Success" - ID 259
14:40:38:422 (05/05/2022) - READ  MEM Access, AP 0x00000000, Addr 0xE000EDF0, Val 0x00030003, "DAP Read Memory (32 bit) - Success" - ID 260
14:40:38:600 (05/05/2022) - WRITE MEM Access, AP 0x00000000, Addr 0xE0001008, Val 0x00000000, "DAP Write Memory (32 bit) - Success" - ID 261
14:40:38:604 (05/05/2022) - WRITE MEM Access, AP 0x00000000, Addr 0xE000100C, Val 0x00000000, "DAP Write Memory (32 bit) - Success" - ID 262
14:40:38:610 (05/05/2022) - WRITE MEM Access, AP 0x00000000, Addr 0xE0001010, Val 0x00000000, "DAP Write Memory (32 bit) - Success" - ID 263
14:40:38:612 (05/05/2022) - WRITE MEM Access, AP 0x00000000, Addr 0xE0001014, Val 0x00000000, "DAP Write Memory (32 bit) - Success" - ID 264
14:40:38:618 (05/05/2022) - WRITE MEM Access, AP 0x00000000, Addr 0xE0001018, Val 0x00000000, "DAP Write Memory (32 bit) - Success" - ID 265
14:40:38:629 (05/05/2022) - WRITE MEM Access, AP 0x00000000, Addr 0xE000EDFC, Val 0x00000001, "DAP Write Memory (32 bit) - Success" - ID 266
14:40:38:636 (05/05/2022) - READ  MEM Access, AP 0x00000000, Addr 0xE000EDF0, Val 0x00030003, "DAP Read Memory (32 bit) - Success" - ID 267
14:40:38:642 (05/05/2022) - WRITE MEM Access, AP 0x00000000, Addr 0xE000ED0C, Val 0x05FA0004, "DAP Write Memory (32 bit) - Success" - ID 268
14:40:38:645 (05/05/2022) - READ  MEM Access, AP 0x00000000, Addr 0xE000EDF0, Val 0x02030003, "DAP Read Memory (32 bit) - Success" - ID 269
14:40:38:648 (05/05/2022) - READ  MEM Access, AP 0x00000000, Addr 0xE000EDF0, Val 0x00030003, "DAP Read Memory (32 bit) - Success" - ID 270
14:40:38:661 (05/05/2022) - READ  MEM Access, AP 0x00000000, Addr 0xE000EDF0, Val 0x00030003, "DAP Read Memory (32 bit) - Success" - ID 271
14:40:38:663 (05/05/2022) - READ  MEM Access, AP 0x00000000, Addr 0xE000EDF0, Val 0x00030003, "DAP Read Memory (32 bit) - Success" - ID 272
14:40:38:717 (05/05/2022) - READ  MEM Access, AP 0x00000000, Addr 0xE0001004, Val 0x27344D90, "DAP Read Memory (32 bit) - Success" - ID 273
14:40:38:909 (05/05/2022) - WRITE MEM Access, AP 0x00000000, Addr 0xE0001008, Val 0x00000000, "DAP Write Memory (32 bit) - Success" - ID 274
14:40:38:911 (05/05/2022) - WRITE MEM Access, AP 0x00000000, Addr 0xE000100C, Val 0x00000000, "DAP Write Memory (32 bit) - Success" - ID 275
14:40:38:917 (05/05/2022) - WRITE MEM Access, AP 0x00000000, Addr 0xE0001010, Val 0x00000000, "DAP Write Memory (32 bit) - Success" - ID 276
14:40:38:919 (05/05/2022) - WRITE MEM Access, AP 0x00000000, Addr 0xE0001014, Val 0x00000000, "DAP Write Memory (32 bit) - Success" - ID 277
14:40:38:921 (05/05/2022) - WRITE MEM Access, AP 0x00000000, Addr 0xE0001018, Val 0x00000000, "DAP Write Memory (32 bit) - Success" - ID 278
14:40:38:931 (05/05/2022) - READ  MEM Access, AP 0x00000000, Addr 0xE0001004, Val 0x27344D90, "DAP Read Memory (32 bit) - Success" - ID 279
14:40:38:947 (05/05/2022) - READ  MEM Access, AP 0x00000000, Addr 0xE000EDF0, Val 0x00030003, "DAP Read Memory (32 bit) - Success" - ID 280
14:40:39:113 (05/05/2022) - WRITE MEM Access, AP 0x00000000, Addr 0xE0001008, Val 0x00000000, "DAP Write Memory (32 bit) - Success" - ID 281
14:40:39:118 (05/05/2022) - WRITE MEM Access, AP 0x00000000, Addr 0xE000100C, Val 0x00000000, "DAP Write Memory (32 bit) - Success" - ID 282
14:40:39:122 (05/05/2022) - WRITE MEM Access, AP 0x00000000, Addr 0xE0001010, Val 0x00000000, "DAP Write Memory (32 bit) - Success" - ID 283
14:40:39:126 (05/05/2022) - WRITE MEM Access, AP 0x00000000, Addr 0xE0001014, Val 0x00000000, "DAP Write Memory (32 bit) - Success" - ID 284
14:40:39:131 (05/05/2022) - WRITE MEM Access, AP 0x00000000, Addr 0xE0001018, Val 0x00000000, "DAP Write Memory (32 bit) - Success" - ID 285
14:40:39:217 (05/05/2022) - READ  MEM Access, AP 0x00000000, Addr 0xE000EDF0, Val 0x00030003, "DAP Read Memory (32 bit) - Success" - ID 286
14:40:39:516 (05/05/2022) - READ  MEM Access, AP 0x00000000, Addr 0xE000EDF0, Val 0x00030003, "DAP Read Memory (32 bit) - Success" - ID 287
14:40:39:826 (05/05/2022) - READ  MEM Access, AP 0x00000000, Addr 0xE000EDF0, Val 0x00030003, "DAP Read Memory (32 bit) - Success" - ID 288
14:40:40:133 (05/05/2022) - READ  MEM Access, AP 0x00000000, Addr 0xE000EDF0, Val 0x00030003, "DAP Read Memory (32 bit) - Success" - ID 289
14:40:40:442 (05/05/2022) - READ  MEM Access, AP 0x00000000, Addr 0xE000EDF0, Val 0x00030003, "DAP Read Memory (32 bit) - Success" - ID 290
14:40:40:749 (05/05/2022) - READ  MEM Access, AP 0x00000000, Addr 0xE000EDF0, Val 0x00030003, "DAP Read Memory (32 bit) - Success" - ID 291
14:40:40:958 (05/05/2022) - READ  MEM Access, AP 0x00000000, Addr 0xE000EDF0, Val 0x00030003, "DAP Read Memory (32 bit) - Success" - ID 292
14:40:41:265 (05/05/2022) - READ  MEM Access, AP 0x00000000, Addr 0xE000EDF0, Val 0x00030003, "DAP Read Memory (32 bit) - Success" - ID 293
14:40:41:574 (05/05/2022) - WRITE MEM BLOCK Access, AP 0x00000000, Start Addr 0xE0002000, End Addr 0xE000201F, "DAP Write Memory Block - Success" - ID 294
  Item #0, AP 0, Addr 0xE0002000, Value 0x00000002
  Item #1, AP 0, Addr 0xE0002004, Value 0x00000000
  Item #2, AP 0, Addr 0xE0002008, Value 0x00000000
  Item #3, AP 0, Addr 0xE000200C, Value 0x00000000
  Item #4, AP 0, Addr 0xE0002010, Value 0x00000000
  Item #5, AP 0, Addr 0xE0002014, Value 0x00000000
  Item #6, AP 0, Addr 0xE0002018, Value 0x00000000
  Item #7, AP 0, Addr 0xE000201C, Value 0x00000000
14:40:41:577 (05/05/2022) - WRITE MEM Access, AP 0x00000000, Addr 0xE000EDF0, Val 0xA05F0000, "DAP Write Memory (32 bit) - Success" - ID 295
14:40:41:579 (05/05/2022) - WRITE MEM Access, AP 0x00000000, Addr 0xE000EDFC, Val 0x00000000, "DAP Write Memory (32 bit) - Success" - ID 296
14:40:41:581 (05/05/2022) - WRITE DP  Access, Addr 0x00000004, Val 0x00000000, "DAP Write DP - Success" - ID 297
